<?xml version="1.0" encoding="UTF-8"?>
<!-- Generated by org.testng.reporters.JUnitReportReporter -->
<testsuite hostname="DESKTOP-KFTFO04" failures="0" tests="1" name="HeaderVerificationTest.AllModule" time="10.372" errors="0" timestamp="2023-01-20T14:20:38 IST" skipped="0">
  <testcase classname="HeaderVerificationTest.AllModule" name="SelectCurrency" time="10.372"/>
  <system-out/>
</testsuite> <!-- HeaderVerificationTest.AllModule -->
