<?xml version="1.0" encoding="UTF-8"?>
<!-- Generated by org.testng.reporters.JUnitReportReporter -->
<testsuite hostname="DESKTOP-KFTFO04" failures="0" tests="2" name="Account.AccountCreationTestCAse" time="9.567" errors="0" timestamp="2023-01-20T14:20:38 IST" skipped="1">
  <testcase classname="Account.AccountCreationTestCAse" name="Account" time="9.567"/>
  <system-out/>
  <testcase classname="Account.AccountCreationTestCAse" name="RegisterUser">
    <skipped/>
  </testcase> <!-- RegisterUser -->
  <system-out/>
</testsuite> <!-- Account.AccountCreationTestCAse -->
